<?xml version="1.0" encoding="UTF-8"?>
<!-- Generated by org.testng.reporters.JUnitXMLReporter -->
<testsuite ignored="2" hostname="Lisandros-MacBook-Pro.local" failures="0" tests="4" name="Test Automation" time="45.079" errors="0" timestamp="2021-12-16T17:37:02 CST">
  <testcase classname="tests.Amazon" name="Amazon" time="5.096"/>
  <testcase classname="tests.Amazon" name="AmazonValidation" time="4.306"/>
  <testcase classname="tests.AmazonSearch" name="AmazonSearch" time="4.07"/>
  <testcase classname="tests.AmazonSearch" name="selectItem" time="1.847"/>
  <testcase classname="utils.BaseClass" name="@BeforeTest beforeTest" time="0.0">
    <ignored/>
  </testcase> <!-- @BeforeTest beforeTest -->
  <testcase classname="utils.BaseClass" name="@AfterTest afterTest" time="0.0">
    <ignored/>
  </testcase> <!-- @AfterTest afterTest -->
</testsuite> <!-- Test Automation -->
