<?xml version="1.0" encoding="UTF-8"?>
<!-- Generated by org.testng.reporters.JUnitXMLReporter -->
<testsuite ignored="2" hostname="Lisandros-MacBook-Pro.local" failures="0" tests="4" name="Test Automation" time="40.667" errors="0" timestamp="17 Dec 2021 23:25:45 GMT">
  <testcase classname="tests.Amazon" name="Amazon" time="4.527"/>
  <testcase classname="tests.Amazon" name="AmazonValidation" time="4.895"/>
  <testcase classname="tests.AmazonSearch" name="AmazonSearch" time="6.435"/>
  <testcase classname="tests.AmazonSearch" name="selectItem" time="1.461"/>
  <testcase classname="utils.BaseClass" name="@BeforeTest beforeTest" time="0.0">
    <ignored/>
  </testcase> <!-- @BeforeTest beforeTest -->
  <testcase classname="utils.BaseClass" name="@AfterTest afterTest" time="0.0">
    <ignored/>
  </testcase> <!-- @AfterTest afterTest -->
</testsuite> <!-- Test Automation -->
