<?xml version="1.0" encoding="UTF-8"?>
<testng-results ignored="2" total="6" passed="4" failed="0" skipped="0">
  <reporter-output>
  </reporter-output>
  <suite started-at="2021-12-17T18:22:39Z" name="Suite" finished-at="2021-12-17T18:23:21Z" duration-ms="41413">
    <groups>
    </groups>
    <test started-at="2021-12-17T18:22:39Z" name="Test Automation" finished-at="2021-12-17T18:23:21Z" duration-ms="41413">
      <class name="tests.AmazonSearch">
        <test-method is-config="true" signature="beforeMethod(java.lang.String, java.lang.reflect.Method)[pri:0, instance:tests.AmazonSearch@2c78d320]" started-at="2021-12-17T18:23:04Z" name="beforeMethod" finished-at="2021-12-17T18:23:09Z" duration-ms="5034" status="PASS">
          <params>
            <param index="0">
              <value>
                <![CDATA[chrome]]>
              </value>
            </param>
            <param index="1">
              <value>
                <![CDATA[public void tests.AmazonSearch.AmazonSearch()]]>
              </value>
            </param>
          </params>
          <reporter-output>
          </reporter-output>
        </test-method> <!-- beforeMethod -->
        <test-method signature="AmazonSearch()[pri:0, instance:tests.AmazonSearch@2c78d320]" started-at="2021-12-17T18:23:09Z" name="AmazonSearch" finished-at="2021-12-17T18:23:13Z" duration-ms="3929" status="PASS">
          <reporter-output>
          </reporter-output>
        </test-method> <!-- AmazonSearch -->
        <test-method is-config="true" signature="afterMethod(org.testng.ITestResult)[pri:0, instance:tests.AmazonSearch@2c78d320]" started-at="2021-12-17T18:23:13Z" name="afterMethod" finished-at="2021-12-17T18:23:14Z" duration-ms="109" status="PASS">
          <params>
            <param index="0">
              <value>
                <![CDATA[[TestResult name=AmazonSearch status=SUCCESS method=AmazonSearch.AmazonSearch()[pri:0, instance:tests.AmazonSearch@2c78d320] output={null}]]]>
              </value>
            </param>
          </params>
          <reporter-output>
          </reporter-output>
        </test-method> <!-- afterMethod -->
        <test-method is-config="true" signature="beforeMethod(java.lang.String, java.lang.reflect.Method)[pri:0, instance:tests.AmazonSearch@2c78d320]" started-at="2021-12-17T18:23:14Z" name="beforeMethod" finished-at="2021-12-17T18:23:19Z" duration-ms="5112" status="PASS">
          <params>
            <param index="0">
              <value>
                <![CDATA[chrome]]>
              </value>
            </param>
            <param index="1">
              <value>
                <![CDATA[public void tests.AmazonSearch.selectItem()]]>
              </value>
            </param>
          </params>
          <reporter-output>
          </reporter-output>
        </test-method> <!-- beforeMethod -->
        <test-method signature="selectItem()[pri:0, instance:tests.AmazonSearch@2c78d320]" started-at="2021-12-17T18:23:19Z" name="selectItem" finished-at="2021-12-17T18:23:20Z" duration-ms="1717" status="PASS">
          <reporter-output>
          </reporter-output>
        </test-method> <!-- selectItem -->
        <test-method is-config="true" signature="afterMethod(org.testng.ITestResult)[pri:0, instance:tests.AmazonSearch@2c78d320]" started-at="2021-12-17T18:23:20Z" name="afterMethod" finished-at="2021-12-17T18:23:20Z" duration-ms="101" status="PASS">
          <params>
            <param index="0">
              <value>
                <![CDATA[[TestResult name=selectItem status=SUCCESS method=AmazonSearch.selectItem()[pri:0, instance:tests.AmazonSearch@2c78d320] output={null}]]]>
              </value>
            </param>
          </params>
          <reporter-output>
          </reporter-output>
        </test-method> <!-- afterMethod -->
      </class> <!-- tests.AmazonSearch -->
      <class name="tests.Amazon">
        <test-method is-config="true" signature="beforeTest()[pri:0, instance:tests.Amazon@67d18ed7]" started-at="2021-12-17T18:22:39Z" name="beforeTest" finished-at="2021-12-17T18:22:40Z" duration-ms="208" status="PASS">
          <reporter-output>
          </reporter-output>
        </test-method> <!-- beforeTest -->
        <test-method is-config="true" signature="beforeMethod(java.lang.String, java.lang.reflect.Method)[pri:0, instance:tests.Amazon@67d18ed7]" started-at="2021-12-17T18:22:40Z" name="beforeMethod" finished-at="2021-12-17T18:22:50Z" duration-ms="10111" status="PASS">
          <params>
            <param index="0">
              <value>
                <![CDATA[chrome]]>
              </value>
            </param>
            <param index="1">
              <value>
                <![CDATA[public void tests.Amazon.Amazon()]]>
              </value>
            </param>
          </params>
          <reporter-output>
          </reporter-output>
        </test-method> <!-- beforeMethod -->
        <test-method signature="Amazon()[pri:0, instance:tests.Amazon@67d18ed7]" started-at="2021-12-17T18:22:50Z" name="Amazon" finished-at="2021-12-17T18:22:54Z" duration-ms="4408" status="PASS">
          <reporter-output>
          </reporter-output>
        </test-method> <!-- Amazon -->
        <test-method is-config="true" signature="afterMethod(org.testng.ITestResult)[pri:0, instance:tests.Amazon@67d18ed7]" started-at="2021-12-17T18:22:54Z" name="afterMethod" finished-at="2021-12-17T18:22:54Z" duration-ms="120" status="PASS">
          <params>
            <param index="0">
              <value>
                <![CDATA[[TestResult name=Amazon status=SUCCESS method=Amazon.Amazon()[pri:0, instance:tests.Amazon@67d18ed7] output={null}]]]>
              </value>
            </param>
          </params>
          <reporter-output>
          </reporter-output>
        </test-method> <!-- afterMethod -->
        <test-method is-config="true" signature="beforeMethod(java.lang.String, java.lang.reflect.Method)[pri:0, instance:tests.Amazon@67d18ed7]" started-at="2021-12-17T18:22:54Z" name="beforeMethod" finished-at="2021-12-17T18:23:00Z" duration-ms="5690" status="PASS">
          <params>
            <param index="0">
              <value>
                <![CDATA[chrome]]>
              </value>
            </param>
            <param index="1">
              <value>
                <![CDATA[public void tests.Amazon.AmazonValidation()]]>
              </value>
            </param>
          </params>
          <reporter-output>
          </reporter-output>
        </test-method> <!-- beforeMethod -->
        <test-method signature="AmazonValidation()[pri:0, instance:tests.Amazon@67d18ed7]" started-at="2021-12-17T18:23:00Z" name="AmazonValidation" finished-at="2021-12-17T18:23:04Z" duration-ms="4420" status="PASS">
          <reporter-output>
          </reporter-output>
        </test-method> <!-- AmazonValidation -->
        <test-method is-config="true" signature="afterMethod(org.testng.ITestResult)[pri:0, instance:tests.Amazon@67d18ed7]" started-at="2021-12-17T18:23:04Z" name="afterMethod" finished-at="2021-12-17T18:23:04Z" duration-ms="100" status="PASS">
          <params>
            <param index="0">
              <value>
                <![CDATA[[TestResult name=AmazonValidation status=SUCCESS method=Amazon.AmazonValidation()[pri:0, instance:tests.Amazon@67d18ed7] output={null}]]]>
              </value>
            </param>
          </params>
          <reporter-output>
          </reporter-output>
        </test-method> <!-- afterMethod -->
        <test-method is-config="true" signature="afterTest()[pri:0, instance:tests.Amazon@67d18ed7]" started-at="2021-12-17T18:23:20Z" name="afterTest" finished-at="2021-12-17T18:23:21Z" duration-ms="322" status="PASS">
          <reporter-output>
          </reporter-output>
        </test-method> <!-- afterTest -->
      </class> <!-- tests.Amazon -->
    </test> <!-- Test Automation -->
  </suite> <!-- Suite -->
</testng-results>
